<?xml version="1.0" encoding="UTF-8"?>
<!-- Generated by org.testng.reporters.JUnitReportReporter -->
<testsuite hostname="DESKTOP-6IH4DTG" failures="0" tests="3" name="com.w2a.testcases.LoginTest" time="0.369" errors="0" timestamp="2022-04-03T02:10:20 IST" skipped="0">
  <testcase classname="com.w2a.testcases.LoginTest" name="loginAsBankManager" time="0.281"/>
  <system-out/>
  <testcase classname="com.w2a.testcases.LoginTest" name="verifyOpenAccountBtn" time="0.046"/>
  <system-out/>
  <testcase classname="com.w2a.testcases.LoginTest" name="verifyCustomersBtn" time="0.042"/>
  <system-out/>
</testsuite> <!-- com.w2a.testcases.LoginTest -->
