<?xml version="1.0" encoding="UTF-8"?>
<!-- Generated by org.testng.reporters.JUnitReportReporter -->
<testsuite hostname="DESKTOP-6IH4DTG" failures="0" tests="1" name="com.w2a.testcases.AddCustomer" time="0.758" errors="0" timestamp="2022-04-03T02:10:20 IST" skipped="0">
  <testcase classname="com.w2a.testcases.AddCustomer" name="addCustomer" time="0.758"/>
  <system-out/>
</testsuite> <!-- com.w2a.testcases.AddCustomer -->
